2022-01-12 15:39:10 [CRT] replace hblog default logger sucessful!
2022-01-12 15:39:11 [TRC] Trace
2022-01-12 15:39:11 [DBG] Debug
2022-01-12 15:39:11 [INF] Info
2022-01-12 15:39:11 [WRN] Warn
2022-01-12 15:39:11 [ERR] Error
2022-01-12 15:39:11 [CRT] -------------------
2022-01-12 15:39:12 [TRC] Trace
2022-01-12 15:39:12 [DBG] Debug
2022-01-12 15:39:12 [INF] Info
2022-01-12 15:39:12 [WRN] Warn
2022-01-12 15:39:12 [ERR] Error
2022-01-12 15:39:12 [CRT] -------------------
2022-01-12 15:39:13 [TRC] Trace
2022-01-12 15:39:13 [DBG] Debug
2022-01-12 15:39:13 [INF] Info
2022-01-12 15:39:13 [WRN] Warn
2022-01-12 15:39:13 [ERR] Error
2022-01-12 15:39:13 [CRT] -------------------
2022-01-12 15:39:14 [TRC] Trace
2022-01-12 15:39:14 [DBG] Debug
2022-01-12 15:39:14 [INF] Info
2022-01-12 15:39:14 [WRN] Warn
2022-01-12 15:39:14 [ERR] Error
2022-01-12 15:39:14 [CRT] -------------------
2022-01-12 15:39:15 [TRC] Trace
2022-01-12 15:39:15 [DBG] Debug
2022-01-12 15:39:15 [INF] Info
2022-01-12 15:39:15 [WRN] Warn
2022-01-12 15:39:15 [ERR] Error
2022-01-12 15:39:15 [CRT] -------------------
2022-01-12 15:39:16 [TRC] Trace
2022-01-12 15:39:16 [DBG] Debug
2022-01-12 15:39:16 [INF] Info
2022-01-12 15:39:16 [WRN] Warn
2022-01-12 15:39:16 [ERR] Error
2022-01-12 15:39:16 [CRT] -------------------
2022-01-12 15:39:17 [TRC] Trace
2022-01-12 15:39:17 [DBG] Debug
2022-01-12 15:39:17 [INF] Info
2022-01-12 15:39:17 [WRN] Warn
2022-01-12 15:39:17 [ERR] Error
2022-01-12 15:39:17 [CRT] -------------------
2022-01-12 15:39:18 [TRC] Trace
2022-01-12 15:39:18 [DBG] Debug
2022-01-12 15:39:18 [INF] Info
2022-01-12 15:39:18 [WRN] Warn
2022-01-12 15:39:18 [ERR] Error
2022-01-12 15:39:18 [CRT] -------------------
2022-01-12 15:39:19 [TRC] Trace
2022-01-12 15:39:19 [DBG] Debug
2022-01-12 15:39:19 [INF] Info
2022-01-12 15:39:19 [WRN] Warn
2022-01-12 15:39:19 [ERR] Error
2022-01-12 15:39:19 [CRT] -------------------
2022-01-12 15:39:20 [TRC] Trace
2022-01-12 15:39:20 [DBG] Debug
2022-01-12 15:39:20 [INF] Info
2022-01-12 15:39:20 [WRN] Warn
2022-01-12 15:39:20 [ERR] Error
2022-01-12 15:39:20 [CRT] -------------------
2022-01-12 15:39:21 [TRC] Trace
2022-01-12 15:39:21 [DBG] Debug
2022-01-12 15:39:21 [INF] Info
2022-01-12 15:39:21 [WRN] Warn
2022-01-12 15:39:21 [ERR] Error
2022-01-12 15:39:21 [CRT] -------------------
2022-01-12 15:39:22 [TRC] Trace
2022-01-12 15:39:22 [DBG] Debug
2022-01-12 15:39:22 [INF] Info
2022-01-12 15:39:22 [WRN] Warn
2022-01-12 15:39:22 [ERR] Error
2022-01-12 15:39:22 [CRT] -------------------
2022-01-12 15:39:23 [TRC] Trace
2022-01-12 15:39:23 [DBG] Debug
2022-01-12 15:39:23 [INF] Info
2022-01-12 15:39:23 [WRN] Warn
2022-01-12 15:39:23 [ERR] Error
2022-01-12 15:39:23 [CRT] -------------------
2022-01-12 15:39:24 [TRC] Trace
2022-01-12 15:39:24 [DBG] Debug
2022-01-12 15:39:24 [INF] Info
2022-01-12 15:39:24 [WRN] Warn
2022-01-12 15:39:24 [ERR] Error
2022-01-12 15:39:24 [CRT] -------------------
2022-01-12 15:39:25 [TRC] Trace
2022-01-12 15:39:25 [DBG] Debug
2022-01-12 15:39:25 [INF] Info
2022-01-12 15:39:25 [WRN] Warn
2022-01-12 15:39:25 [ERR] Error
2022-01-12 15:39:25 [CRT] -------------------
2022-01-12 15:39:26 [TRC] Trace
2022-01-12 15:39:26 [DBG] Debug
2022-01-12 15:39:26 [INF] Info
2022-01-12 15:39:26 [WRN] Warn
2022-01-12 15:39:26 [ERR] Error
2022-01-12 15:39:26 [CRT] -------------------
2022-01-12 15:39:27 [TRC] Trace
2022-01-12 15:39:27 [DBG] Debug
2022-01-12 15:39:27 [INF] Info
2022-01-12 15:39:27 [WRN] Warn
2022-01-12 15:39:27 [ERR] Error
2022-01-12 15:39:27 [CRT] -------------------
2022-01-12 15:39:28 [TRC] Trace
2022-01-12 15:39:28 [DBG] Debug
2022-01-12 15:39:28 [INF] Info
2022-01-12 15:39:28 [WRN] Warn
2022-01-12 15:39:28 [ERR] Error
2022-01-12 15:39:28 [CRT] -------------------
2022-01-12 15:39:29 [TRC] Trace
2022-01-12 15:39:29 [DBG] Debug
2022-01-12 15:39:29 [INF] Info
2022-01-12 15:39:29 [WRN] Warn
2022-01-12 15:39:29 [ERR] Error
2022-01-12 15:39:29 [CRT] -------------------
2022-01-12 15:39:30 [TRC] Trace
2022-01-12 15:39:30 [DBG] Debug
2022-01-12 15:39:30 [INF] Info
2022-01-12 15:39:30 [WRN] Warn
2022-01-12 15:39:30 [ERR] Error
2022-01-12 15:39:30 [CRT] -------------------
2022-01-12 15:39:31 [TRC] Trace
2022-01-12 15:39:31 [DBG] Debug
2022-01-12 15:39:31 [INF] Info
2022-01-12 15:39:31 [WRN] Warn
2022-01-12 15:39:31 [ERR] Error
2022-01-12 15:39:31 [CRT] -------------------
2022-01-12 15:39:32 [TRC] Trace
2022-01-12 15:39:32 [DBG] Debug
2022-01-12 15:39:32 [INF] Info
2022-01-12 15:39:32 [WRN] Warn
2022-01-12 15:39:32 [ERR] Error
2022-01-12 15:39:32 [CRT] -------------------
2022-01-12 15:39:33 [TRC] Trace
2022-01-12 15:39:33 [DBG] Debug
2022-01-12 15:39:33 [INF] Info
2022-01-12 15:39:33 [WRN] Warn
2022-01-12 15:39:33 [ERR] Error
2022-01-12 15:39:33 [CRT] -------------------
